<?xml version="1.0" encoding="UTF-8"?>
<!-- Generated by org.testng.reporters.JUnitReportReporter -->
<testsuite hostname="Swarnadeeps-MacBook-Pro.local" failures="0" tests="4" name="testNGPractice.TestNGDataProvider" time="51.110" errors="0" timestamp="2024-07-06T13:29:06 EDT" skipped="0">
  <testcase classname="testNGPractice.TestNGDataProvider" name="loginTest" time="11.338"/>
  <testcase classname="testNGPractice.TestNGDataProvider" name="loginTest" time="11.152"/>
  <testcase classname="testNGPractice.TestNGDataProvider" name="loginTest" time="9.999"/>
  <testcase classname="testNGPractice.TestNGDataProvider" name="loginTest" time="18.621"/>
</testsuite> <!-- testNGPractice.TestNGDataProvider -->
