<?xml version="1.0" encoding="UTF-8"?>
<!-- Generated by org.testng.reporters.JUnitReportReporter -->
<testsuite hostname="Swarnadeeps-MacBook-Pro.local" failures="0" tests="1" name="runner.RunnerFile" time="13.640" errors="0" timestamp="2024-07-13T03:30:15 EDT" skipped="0">
  <testcase classname="runner.RunnerFile" name="runScenario" time="13.640"/>
</testsuite> <!-- runner.RunnerFile -->
