<?xml version="1.0" encoding="UTF-8"?>
<!-- Generated by org.testng.reporters.JUnitReportReporter -->
<testsuite hostname="Swarnadeeps-MacBook-Pro.local" failures="0" tests="7" name="testNGPractice.Test1" time="0.017" errors="0" timestamp="2024-06-29T16:34:41 EDT" skipped="0">
  <testcase classname="testNGPractice.Test1" name="TestExecution5" time="0.009"/>
  <testcase classname="testNGPractice.Test1" name="TestExecution1" time="0.001"/>
  <testcase classname="testNGPractice.Test1" name="TestExecution3" time="0.001"/>
  <testcase classname="testNGPractice.Test1" name="TestExecution4" time="0.001"/>
  <testcase classname="testNGPractice.Test1" name="TestExecution7" time="0.002"/>
  <testcase classname="testNGPractice.Test1" name="TestExecution2" time="0.002"/>
  <testcase classname="testNGPractice.Test1" name="TestExecution6" time="0.001"/>
</testsuite> <!-- testNGPractice.Test1 -->
