<?xml version="1.0" encoding="UTF-8"?>
<!-- Generated by org.testng.reporters.JUnitReportReporter -->
<testsuite hostname="Swarnadeeps-MacBook-Pro.local" failures="0" tests="3" name="misc.TestNG" time="0.013" errors="0" timestamp="2024-06-29T12:35:58 EDT" skipped="0">
  <testcase classname="misc.TestNG" name="TestExecution1" time="0.007"/>
  <testcase classname="misc.TestNG" name="TestExecution2" time="0.003"/>
  <testcase classname="misc.TestNG" name="TestExecution3" time="0.003"/>
</testsuite> <!-- misc.TestNG -->
