<?xml version="1.0" encoding="UTF-8"?>
<!-- Generated by org.testng.reporters.JUnitReportReporter -->
<testsuite hostname="Swarnadeeps-MacBook-Pro.local" failures="0" tests="2" name="testNGPractice.Parallel" time="8.332" errors="0" timestamp="2024-07-06T11:15:58 EDT" skipped="0">
  <testcase classname="testNGPractice.Parallel" name="parallelTesting1" time="4.755"/>
  <testcase classname="testNGPractice.Parallel" name="parallelTesting2" time="3.577"/>
</testsuite> <!-- testNGPractice.Parallel -->
