<?xml version="1.0" encoding="UTF-8"?>
<!-- Generated by org.testng.reporters.JUnitReportReporter -->
<testsuite hostname="Swarnadeeps-MacBook-Pro.local" failures="0" tests="3" name="testNGPractice.TestNG" time="0.020" errors="0" timestamp="2024-06-29T14:08:48 EDT" skipped="0">
  <testcase classname="testNGPractice.TestNG" name="TestExecution3" time="0.003"/>
  <testcase classname="testNGPractice.TestNG" name="TestExecution1" time="0.008"/>
  <testcase classname="testNGPractice.TestNG" name="TestExecution2" time="0.009"/>
</testsuite> <!-- testNGPractice.TestNG -->
