<?xml version="1.0" encoding="UTF-8"?>
<!-- Generated by org.testng.reporters.JUnitReportReporter -->
<testsuite hostname="Swarnadeeps-MacBook-Pro.local" failures="0" tests="2" name="testNGPractice.TestNGGrouping" time="0.009" errors="0" timestamp="2024-06-29T16:34:58 EDT" skipped="0">
  <testcase classname="testNGPractice.TestNGGrouping" name="TestExecution3" time="0.002"/>
  <testcase classname="testNGPractice.TestNGGrouping" name="TestExecution1" time="0.007"/>
</testsuite> <!-- testNGPractice.TestNGGrouping -->
